<?xml version="1.0" encoding="UTF-8"?>
<testng-results skipped="0" failed="0" total="1" passed="1">
  <reporter-output>
  </reporter-output>
  <suite name="tests.TestPageInicioSitio" duration-ms="23883" started-at="2020-08-31T22:02:58Z" finished-at="2020-08-31T22:03:22Z">
    <groups>
    </groups>
    <test name="Command line test" duration-ms="23883" started-at="2020-08-31T22:02:58Z" finished-at="2020-08-31T22:03:22Z">
      <class name="tests.TestPageInicioSitio">
        <test-method status="PASS" signature="before()[pri:0, instance:tests.TestPageInicioSitio@96532d6]" name="before" is-config="true" duration-ms="5790" started-at="2020-08-31T19:02:58Z" finished-at="2020-08-31T19:03:04Z">
          <reporter-output>
          </reporter-output>
        </test-method> <!-- before -->
        <test-method status="PASS" signature="validarCtaBloqueda()[pri:0, instance:tests.TestPageInicioSitio@96532d6]" name="validarCtaBloqueda" duration-ms="18087" started-at="2020-08-31T19:03:04Z" finished-at="2020-08-31T19:03:22Z">
          <reporter-output>
          </reporter-output>
        </test-method> <!-- validarCtaBloqueda -->
      </class> <!-- tests.TestPageInicioSitio -->
    </test> <!-- Command line test -->
  </suite> <!-- tests.TestPageInicioSitio -->
</testng-results>
